{"/home/woen/Documents/Projects/pdf-regex-proccessing/src/Person.ts": {"path":"/home/woen/Documents/Projects/pdf-regex-proccessing/src/Person.ts","statementMap":{"0":{"start":{"line":1,"column":0},"end":{"line":1,"column":39}},"1":{"start":{"line":23,"column":4},"end":{"line":23,"column":null}},"2":{"start":{"line":24,"column":4},"end":{"line":24,"column":null}},"3":{"start":{"line":25,"column":4},"end":{"line":25,"column":null}},"4":{"start":{"line":26,"column":4},"end":{"line":26,"column":null}},"5":{"start":{"line":27,"column":4},"end":{"line":27,"column":76}},"6":{"start":{"line":28,"column":4},"end":{"line":28,"column":null}},"7":{"start":{"line":29,"column":4},"end":{"line":29,"column":null}},"8":{"start":{"line":30,"column":4},"end":{"line":30,"column":null}},"9":{"start":{"line":34,"column":18},"end":{"line":34,"column":55}},"10":{"start":{"line":36,"column":4},"end":{"line":38,"column":null}},"11":{"start":{"line":37,"column":6},"end":{"line":37,"column":null}},"12":{"start":{"line":3,"column":0},"end":{"line":3,"column":13}}},"fnMap":{"0":{"name":"(anonymous_0)","decl":{"start":{"line":13,"column":2},"end":{"line":13,"column":15}},"loc":{"start":{"line":22,"column":13},"end":{"line":31,"column":3}}},"1":{"name":"(anonymous_1)","decl":{"start":{"line":33,"column":10},"end":{"line":33,"column":26}},"loc":{"start":{"line":33,"column":41},"end":{"line":39,"column":3}}},"2":{"name":"(anonymous_2)","decl":{"start":{"line":36,"column":32},"end":{"line":36,"column":33}},"loc":{"start":{"line":36,"column":70},"end":{"line":38,"column":5}}}},"branchMap":{},"s":{"0":2,"1":4,"2":4,"3":4,"4":4,"5":4,"6":4,"7":4,"8":4,"9":8,"10":8,"11":8,"12":2},"f":{"0":4,"1":8,"2":8},"b":{}}
,"/home/woen/Documents/Projects/pdf-regex-proccessing/src/textProcessorFluentAPI.ts": {"path":"/home/woen/Documents/Projects/pdf-regex-proccessing/src/textProcessorFluentAPI.ts","statementMap":{"0":{"start":{"line":1,"column":0},"end":{"line":1,"column":33}},"1":{"start":{"line":11,"column":4},"end":{"line":11,"column":null}},"2":{"start":{"line":25,"column":24},"end":{"line":25,"column":83}},"3":{"start":{"line":26,"column":23},"end":{"line":26,"column":54}},"4":{"start":{"line":28,"column":4},"end":{"line":28,"column":null}},"5":{"start":{"line":29,"column":4},"end":{"line":29,"column":null}},"6":{"start":{"line":33,"column":24},"end":{"line":33,"column":74}},"7":{"start":{"line":33,"column":56},"end":{"line":33,"column":73}},"8":{"start":{"line":34,"column":4},"end":{"line":34,"column":null}},"9":{"start":{"line":36,"column":4},"end":{"line":36,"column":null}},"10":{"start":{"line":40,"column":41},"end":{"line":42,"column":null}},"11":{"start":{"line":42,"column":8},"end":{"line":42,"column":79}},"12":{"start":{"line":42,"column":29},"end":{"line":42,"column":78}},"13":{"start":{"line":44,"column":4},"end":{"line":44,"column":null}},"14":{"start":{"line":45,"column":4},"end":{"line":45,"column":null}},"15":{"start":{"line":49,"column":4},"end":{"line":49,"column":null}},"16":{"start":{"line":49,"column":75},"end":{"line":49,"column":102}},"17":{"start":{"line":50,"column":4},"end":{"line":50,"column":null}},"18":{"start":{"line":54,"column":4},"end":{"line":54,"column":null}},"19":{"start":{"line":58,"column":9},"end":{"line":58,"column":31}}},"fnMap":{"0":{"name":"(anonymous_0)","decl":{"start":{"line":10,"column":2},"end":{"line":10,"column":15}},"loc":{"start":{"line":10,"column":30},"end":{"line":12,"column":3}}},"1":{"name":"(anonymous_1)","decl":{"start":{"line":14,"column":2},"end":{"line":14,"column":19}},"loc":{"start":{"line":14,"column":19},"end":{"line":30,"column":3}}},"2":{"name":"(anonymous_2)","decl":{"start":{"line":32,"column":2},"end":{"line":32,"column":21}},"loc":{"start":{"line":32,"column":21},"end":{"line":37,"column":3}}},"3":{"name":"(anonymous_3)","decl":{"start":{"line":33,"column":44},"end":{"line":33,"column":45}},"loc":{"start":{"line":33,"column":56},"end":{"line":33,"column":73}}},"4":{"name":"(anonymous_4)","decl":{"start":{"line":39,"column":2},"end":{"line":39,"column":23}},"loc":{"start":{"line":39,"column":23},"end":{"line":46,"column":3}}},"5":{"name":"(anonymous_5)","decl":{"start":{"line":41,"column":6},"end":{"line":41,"column":7}},"loc":{"start":{"line":42,"column":8},"end":{"line":42,"column":79}}},"6":{"name":"(anonymous_6)","decl":{"start":{"line":42,"column":19},"end":{"line":42,"column":20}},"loc":{"start":{"line":42,"column":29},"end":{"line":42,"column":78}}},"7":{"name":"(anonymous_7)","decl":{"start":{"line":48,"column":2},"end":{"line":48,"column":11}},"loc":{"start":{"line":48,"column":11},"end":{"line":51,"column":3}}},"8":{"name":"(anonymous_8)","decl":{"start":{"line":49,"column":56},"end":{"line":49,"column":71}},"loc":{"start":{"line":49,"column":75},"end":{"line":49,"column":102}}},"9":{"name":"(anonymous_9)","decl":{"start":{"line":53,"column":2},"end":{"line":53,"column":7}},"loc":{"start":{"line":53,"column":7},"end":{"line":55,"column":3}}}},"branchMap":{},"s":{"0":1,"1":5,"2":4,"3":4,"4":4,"5":4,"6":3,"7":9,"8":3,"9":3,"10":2,"11":6,"12":48,"13":2,"14":2,"15":1,"16":3,"17":1,"18":1,"19":1},"f":{"0":5,"1":4,"2":3,"3":9,"4":2,"5":6,"6":48,"7":1,"8":3,"9":1},"b":{}}
,"/home/woen/Documents/Projects/pdf-regex-proccessing/src/utils/InvalidRegexError.ts": {"path":"/home/woen/Documents/Projects/pdf-regex-proccessing/src/utils/InvalidRegexError.ts","statementMap":{"0":{"start":{"line":3,"column":4},"end":{"line":3,"column":null}},"1":{"start":{"line":4,"column":4},"end":{"line":4,"column":null}},"2":{"start":{"line":1,"column":0},"end":{"line":1,"column":13}}},"fnMap":{"0":{"name":"(anonymous_0)","decl":{"start":{"line":2,"column":2},"end":{"line":2,"column":15}},"loc":{"start":{"line":2,"column":26},"end":{"line":5,"column":3}}}},"branchMap":{},"s":{"0":1,"1":1,"2":3},"f":{"0":1},"b":{}}
,"/home/woen/Documents/Projects/pdf-regex-proccessing/src/utils/index.ts": {"path":"/home/woen/Documents/Projects/pdf-regex-proccessing/src/utils/index.ts","statementMap":{"0":{"start":{"line":1,"column":0},"end":{"line":1,"column":34}},"1":{"start":{"line":2,"column":0},"end":{"line":2,"column":55}},"2":{"start":{"line":4,"column":29},"end":{"line":10,"column":1}},"3":{"start":{"line":5,"column":17},"end":{"line":5,"column":33}},"4":{"start":{"line":7,"column":2},"end":{"line":7,"column":null}},"5":{"start":{"line":7,"column":14},"end":{"line":7,"column":null}},"6":{"start":{"line":9,"column":2},"end":{"line":9,"column":null}},"7":{"start":{"line":4,"column":13},"end":{"line":4,"column":29}}},"fnMap":{"0":{"name":"(anonymous_1)","decl":{"start":{"line":4,"column":29},"end":{"line":4,"column":30}},"loc":{"start":{"line":4,"column":47},"end":{"line":10,"column":1}}}},"branchMap":{"0":{"loc":{"start":{"line":7,"column":2},"end":{"line":7,"column":null}},"type":"if","locations":[{"start":{"line":7,"column":2},"end":{"line":7,"column":null}},{"start":{"line":7,"column":2},"end":{"line":7,"column":null}}]}},"s":{"0":3,"1":3,"2":3,"3":26,"4":26,"5":25,"6":1,"7":3},"f":{"0":26},"b":{"0":[25,1]}}
,"/home/woen/Documents/Projects/pdf-regex-proccessing/tests/mocks/valid.ts": {"path":"/home/woen/Documents/Projects/pdf-regex-proccessing/tests/mocks/valid.ts","statementMap":{"0":{"start":{"line":1,"column":0},"end":{"line":20,"column":null}}},"fnMap":{},"branchMap":{},"s":{"0":1},"f":{},"b":{}}
}
