TN:
SF:src/Person.ts
FN:13,(anonymous_0)
FN:33,(anonymous_1)
FN:36,(anonymous_2)
FNF:3
FNH:3
FNDA:4,(anonymous_0)
FNDA:8,(anonymous_1)
FNDA:8,(anonymous_2)
DA:1,2
DA:3,2
DA:23,4
DA:24,4
DA:25,4
DA:26,4
DA:27,4
DA:28,4
DA:29,4
DA:30,4
DA:34,8
DA:36,8
DA:37,8
LF:13
LH:13
BRF:0
BRH:0
end_of_record
TN:
SF:src/textProcessorFluentAPI.ts
FN:10,(anonymous_0)
FN:14,(anonymous_1)
FN:32,(anonymous_2)
FN:33,(anonymous_3)
FN:39,(anonymous_4)
FN:41,(anonymous_5)
FN:42,(anonymous_6)
FN:48,(anonymous_7)
FN:49,(anonymous_8)
FN:53,(anonymous_9)
FNF:10
FNH:10
FNDA:5,(anonymous_0)
FNDA:4,(anonymous_1)
FNDA:3,(anonymous_2)
FNDA:9,(anonymous_3)
FNDA:2,(anonymous_4)
FNDA:6,(anonymous_5)
FNDA:48,(anonymous_6)
FNDA:1,(anonymous_7)
FNDA:3,(anonymous_8)
FNDA:1,(anonymous_9)
DA:1,1
DA:11,5
DA:25,4
DA:26,4
DA:28,4
DA:29,4
DA:33,9
DA:34,3
DA:36,3
DA:40,2
DA:42,48
DA:44,2
DA:45,2
DA:49,3
DA:50,1
DA:54,1
DA:58,1
LF:17
LH:17
BRF:0
BRH:0
end_of_record
TN:
SF:src/utils/InvalidRegexError.ts
FN:2,(anonymous_0)
FNF:1
FNH:1
FNDA:1,(anonymous_0)
DA:1,3
DA:3,1
DA:4,1
LF:3
LH:3
BRF:0
BRH:0
end_of_record
TN:
SF:src/utils/index.ts
FN:4,(anonymous_1)
FNF:1
FNH:1
FNDA:26,(anonymous_1)
DA:1,3
DA:2,3
DA:4,3
DA:5,26
DA:7,26
DA:9,1
LF:6
LH:6
BRDA:7,0,0,25
BRDA:7,0,1,1
BRF:2
BRH:2
end_of_record
TN:
SF:tests/mocks/valid.ts
FNF:0
FNH:0
DA:1,1
LF:1
LH:1
BRF:0
BRH:0
end_of_record
